<?xml version="1.0" encoding="UTF-8"?>
<!-- Generated by org.testng.reporters.JUnitXMLReporter -->
<testsuite ignored="0" hostname="NIBLP1645" failures="0" tests="7" name="EdgeTest" time="82.227" errors="0" timestamp="2024-09-26T12:40:15 IST">
  <testcase classname="testCases.TC_LoginPageTest" name="forgotPasswordLink" time="3.022"/>
  <testcase classname="testCases.TC_LoginPageTest" name="verifyNotLoginWithWrongCredentials" time="2.006"/>
  <testcase classname="testCases.TC_LoginPageTest" name="verifyNotLoginWithWrongCredentials" time="1.587"/>
  <testcase classname="testCases.TC_LoginPageTest" name="verifyNotLoginWithWrongCredentials" time="1.475"/>
  <testcase classname="testCases.TC_LoginPageTest" name="verifyingLoginWithValidCredential" time="2.007"/>
  <testcase classname="testCases.TC_DashboardTest" name="verifyingDashboardSectionList" time="2.086"/>
  <testcase classname="testCases.TC_DashboardTest" name="verifyingLeftMenuList" time="2.697"/>
</testsuite> <!-- EdgeTest -->
