<?xml version="1.0" encoding="UTF-8"?>
<!-- Generated by org.testng.reporters.JUnitXMLReporter -->
<testsuite ignored="0" hostname="NIBLP1645" failures="1" tests="7" name="Test" time="62.443" errors="0" timestamp="2024-09-26T16:33:19 IST">
  <testcase classname="testCases.TC_LoginPageTest" name="forgotPasswordLink" time="2.252"/>
  <testcase classname="testCases.TC_LoginPageTest" name="verifyNotLoginWithWrongCredentials" time="1.861"/>
  <testcase classname="testCases.TC_LoginPageTest" name="verifyNotLoginWithWrongCredentials" time="1.462"/>
  <testcase classname="testCases.TC_LoginPageTest" name="verifyNotLoginWithWrongCredentials" time="1.604"/>
  <testcase classname="testCases.TC_LoginPageTest" name="verifyingLoginWithValidCredential" time="1.812">
    <failure type="java.lang.AssertionError" message="expected [Dashboar] but found [Dashboard]">
      <![CDATA[java.lang.AssertionError: expected [Dashboar] but found [Dashboard]
at testCases.TC_LoginPageTest.verifyingLoginWithValidCredential(TC_LoginPageTest.java:20)
at java.base/java.util.ArrayList.forEach(ArrayList.java:1597)
... Removed 31 stack frames]]>
    </failure>
  </testcase> <!-- verifyingLoginWithValidCredential -->
  <testcase classname="testCases.TC_DashboardTest" name="verifyingDashboardSectionList" time="2.033"/>
  <testcase classname="testCases.TC_DashboardTest" name="verifyingLeftMenuList" time="2.177"/>
</testsuite> <!-- Test -->
